#
# There is insufficient memory for the Java Runtime Environment to continue.
# Native memory allocation (malloc) failed to allocate 1552496 bytes for Chunk::new
# Possible reasons:
#   The system is out of physical RAM or swap space
#   The process is running with CompressedOops enabled, and the Java Heap may be blocking the growth of the native heap
# Possible solutions:
#   Reduce memory load on the system
#   Increase physical memory or swap space
#   Check if swap backing store is full
#   Decrease Java heap size (-Xmx/-Xms)
#   Decrease number of Java threads
#   Decrease Java thread stack sizes (-Xss)
#   Set larger code cache with -XX:ReservedCodeCacheSize=
#   JVM is running with Unscaled Compressed Oops mode in which the Java heap is
#     placed in the first 4GB address space. The Java Heap base address is the
#     maximum limit for the native heap growth. Please use -XX:HeapBaseMinAddress
#     to set the Java Heap base and to place the Java Heap above 4GB virtual address.
# This output file may be truncated or incomplete.
#
#  Out of Memory Error (allocation.cpp:390), pid=17876, tid=0x0000000000001b54
#
# JRE version: Java(TM) SE Runtime Environment (8.0_201-b09) (build 1.8.0_201-b09)
# Java VM: Java HotSpot(TM) 64-Bit Server VM (25.201-b09 mixed mode windows-amd64 compressed oops)
# Failed to write core dump. Minidumps are not enabled by default on client versions of Windows
#

---------------  T H R E A D  ---------------

Current thread (0x0000000018f26000):  JavaThread "C2 CompilerThread0" daemon [_thread_in_native, id=6996, stack(0x000000001a410000,0x000000001a510000)]

Stack: [0x000000001a410000,0x000000001a510000]
[error occurred during error reporting (printing stack bounds), id 0xc0000005]

Native frames: (J=compiled Java code, j=interpreted, Vv=VM code, C=native code)


Current CompileTask:
C2: 225797 20018       4       com.android.tools.r8.dex.c::a (492 bytes)


---------------  P R O C E S S  ---------------

Java Threads: ( => current thread )
  0x000000001bd6a800 JavaThread "WorkerExecutor Queue Thread 15" [_thread_blocked, id=11520, stack(0x000000002c450000,0x000000002c550000)]
  0x000000002116a800 JavaThread "WorkerExecutor Queue Thread 12" [_thread_blocked, id=15464, stack(0x000000002beb0000,0x000000002bfb0000)]
  0x000000002116b000 JavaThread "WorkerExecutor Queue Thread 11" [_thread_blocked, id=12260, stack(0x000000002b7b0000,0x000000002b8b0000)]
  0x0000000021169000 JavaThread "WorkerExecutor Queue Thread 10" [_thread_blocked, id=7232, stack(0x000000002b5b0000,0x000000002b6b0000)]
  0x0000000021166000 JavaThread "ForkJoinPool.commonPool-worker-3" daemon [_thread_blocked, id=15772, stack(0x000000002b3b0000,0x000000002b4b0000)]
  0x0000000021167800 JavaThread "ForkJoinPool.commonPool-worker-10" daemon [_thread_blocked, id=14880, stack(0x000000002b2b0000,0x000000002b3b0000)]
  0x0000000021166800 JavaThread "ForkJoinPool.commonPool-worker-1" daemon [_thread_blocked, id=16256, stack(0x000000002b1b0000,0x000000002b2b0000)]
  0x0000000021163000 JavaThread "ForkJoinPool.commonPool-worker-8" daemon [_thread_blocked, id=16076, stack(0x000000002b0b0000,0x000000002b1b0000)]
  0x0000000021160000 JavaThread "ForkJoinPool.commonPool-worker-15" daemon [_thread_blocked, id=12888, stack(0x000000002ab40000,0x000000002ac40000)]
  0x0000000021165000 JavaThread "ForkJoinPool.commonPool-worker-6" daemon [_thread_blocked, id=13332, stack(0x000000002a670000,0x000000002a770000)]
  0x000000002115f000 JavaThread "ForkJoinPool.commonPool-worker-13" daemon [_thread_blocked, id=584, stack(0x00000000291c0000,0x00000000292c0000)]
  0x000000002115e800 JavaThread "ForkJoinPool.commonPool-worker-4" daemon [_thread_blocked, id=17312, stack(0x00000000290c0000,0x00000000291c0000)]
  0x0000000021163800 JavaThread "ForkJoinPool.commonPool-worker-11" daemon [_thread_blocked, id=18168, stack(0x0000000028ec0000,0x0000000028fc0000)]
  0x000000002115d800 JavaThread "WorkerExecutor Queue Thread 9" [_thread_blocked, id=7800, stack(0x0000000027bc0000,0x0000000027cc0000)]
  0x0000000021162000 JavaThread "WorkerExecutor Queue Thread 8" [_thread_blocked, id=480, stack(0x0000000028fc0000,0x00000000290c0000)]
  0x0000000021c50800 JavaThread "RMI TCP Connection(idle)" daemon [_thread_blocked, id=7160, stack(0x0000000028bc0000,0x0000000028cc0000)]
  0x0000000021c48800 JavaThread "RMI TCP Connection(idle)" daemon [_thread_blocked, id=12928, stack(0x00000000287c0000,0x00000000288c0000)]
  0x000000001bd6a000 JavaThread "RMI TCP Connection(11)-127.0.0.1" daemon [_thread_in_native, id=18124, stack(0x00000000280c0000,0x00000000281c0000)]
  0x000000001bd68800 JavaThread "WorkerExecutor Queue Thread 7" [_thread_blocked, id=116, stack(0x0000000028ac0000,0x0000000028bc0000)]
  0x0000000021c51800 JavaThread "WorkerExecutor Queue Thread 6" [_thread_blocked, id=14740, stack(0x00000000289c0000,0x0000000028ac0000)]
  0x0000000021c52000 JavaThread "Cache worker for Java compile cache (D:\Android Studio Projects\KotlinShop\.gradle\5.4.1\javaCompile)" [_thread_blocked, id=12508, stack(0x00000000288c0000,0x00000000289c0000)]
  0x0000000021c4f000 JavaThread "WorkerExecutor Queue Thread 4" [_thread_blocked, id=9200, stack(0x00000000286c0000,0x00000000287c0000)]
  0x0000000021c45800 JavaThread "RMI TCP Connection(12)-127.0.0.1" daemon [_thread_in_native, id=18748, stack(0x00000000285c0000,0x00000000286c0000)]
  0x0000000021c47800 JavaThread "RMI TCP Connection(14)-127.0.0.1" daemon [_thread_in_native, id=18424, stack(0x00000000284c0000,0x00000000285c0000)]
  0x0000000021c4c000 JavaThread "RMI TCP Connection(17)-127.0.0.1" daemon [_thread_in_native, id=13536, stack(0x00000000282c0000,0x00000000283c0000)]
  0x0000000021c4a000 JavaThread "RMI TCP Connection(idle)" daemon [_thread_blocked, id=8060, stack(0x00000000281c0000,0x00000000282c0000)]
  0x0000000021c4a800 JavaThread "stdout" [_thread_in_native, id=15548, stack(0x0000000027fc0000,0x00000000280c0000)]
  0x0000000021c43000 JavaThread "stderr" [_thread_in_native, id=19236, stack(0x0000000027ec0000,0x0000000027fc0000)]
  0x0000000021c49000 JavaThread "pool-4-thread-1" [_thread_blocked, id=7876, stack(0x0000000027dc0000,0x0000000027ec0000)]
  0x0000000021c46000 JavaThread "WorkerExecutor Queue Thread 3" [_thread_blocked, id=8716, stack(0x0000000027cc0000,0x0000000027dc0000)]
  0x0000000021c44000 JavaThread "WorkerExecutor Queue" [_thread_blocked, id=18096, stack(0x00000000275f0000,0x00000000276f0000)]
  0x0000000021c44800 JavaThread "Cache worker for execution history cache (D:\Android Studio Projects\KotlinShop\.gradle\5.4.1\executionHistory)" [_thread_blocked, id=16628, stack(0x00000000274f0000,0x00000000275f0000)]
  0x0000000021285800 JavaThread "Execution worker for ':' Thread 11" [_thread_blocked, id=14048, stack(0x00000000273f0000,0x00000000274f0000)]
  0x0000000021285000 JavaThread "Execution worker for ':' Thread 10" [_thread_blocked, id=20156, stack(0x00000000271f0000,0x00000000272f0000)]
  0x0000000021288000 JavaThread "Execution worker for ':' Thread 9" [_thread_blocked, id=21464, stack(0x00000000270f0000,0x00000000271f0000)]
  0x0000000021284000 JavaThread "Execution worker for ':' Thread 8" [_thread_blocked, id=16840, stack(0x0000000026ff0000,0x00000000270f0000)]
  0x0000000021283800 JavaThread "Execution worker for ':' Thread 7" [_thread_blocked, id=14896, stack(0x0000000026ef0000,0x0000000026ff0000)]
  0x0000000021286800 JavaThread "Execution worker for ':' Thread 6" [_thread_blocked, id=360, stack(0x0000000026df0000,0x0000000026ef0000)]
  0x0000000021288800 JavaThread "Execution worker for ':' Thread 5" [_thread_blocked, id=20428, stack(0x0000000026cf0000,0x0000000026df0000)]
  0x0000000021287000 JavaThread "Execution worker for ':' Thread 4" [_thread_blocked, id=14512, stack(0x00000000267f0000,0x00000000268f0000)]
  0x0000000021289800 JavaThread "Execution worker for ':' Thread 3" [_thread_in_Java, id=13644, stack(0x00000000260f0000,0x00000000261f0000)]
  0x0000000021282800 JavaThread "Execution worker for ':' Thread 2" [_thread_blocked, id=7936, stack(0x0000000024950000,0x0000000024a50000)]
  0x000000002127a800 JavaThread "Execution worker for ':'" [_thread_blocked, id=616, stack(0x0000000024850000,0x0000000024950000)]
  0x000000002127e000 JavaThread "Cache worker for file content cache (D:\Android Studio Projects\KotlinShop\.gradle\5.4.1\fileContent)" [_thread_blocked, id=6228, stack(0x0000000024750000,0x0000000024850000)]
  0x0000000021280800 JavaThread "Cache worker for Build Output Cleanup Cache (D:\Android Studio Projects\KotlinShop\.gradle\buildOutputCleanup)" [_thread_blocked, id=18192, stack(0x0000000024650000,0x0000000024750000)]
  0x000000002127c000 JavaThread "Build operations Thread 12" [_thread_blocked, id=7716, stack(0x0000000024550000,0x0000000024650000)]
  0x000000002127c800 JavaThread "Build operations Thread 11" [_thread_blocked, id=16104, stack(0x0000000024450000,0x0000000024550000)]
  0x000000002127f000 JavaThread "Build operations Thread 10" [_thread_blocked, id=4596, stack(0x0000000024060000,0x0000000024160000)]
  0x000000002127b000 JavaThread "Build operations Thread 9" [_thread_blocked, id=8884, stack(0x0000000023f60000,0x0000000024060000)]
  0x0000000021d3a000 JavaThread "Build operations Thread 8" [_thread_blocked, id=13872, stack(0x0000000023e60000,0x0000000023f60000)]
  0x0000000021d39000 JavaThread "Build operations Thread 7" [_thread_blocked, id=17480, stack(0x0000000023d60000,0x0000000023e60000)]
  0x0000000021d37000 JavaThread "Build operations Thread 6" [_thread_blocked, id=10556, stack(0x0000000023c60000,0x0000000023d60000)]
  0x0000000021d36000 JavaThread "Build operations Thread 5" [_thread_blocked, id=20708, stack(0x0000000023b60000,0x0000000023c60000)]
  0x0000000021d38800 JavaThread "Build operations Thread 4" [_thread_blocked, id=2032, stack(0x0000000020ed0000,0x0000000020fd0000)]
  0x0000000021d35800 JavaThread "Build operations Thread 3" [_thread_blocked, id=8252, stack(0x000000001fb30000,0x000000001fc30000)]
  0x0000000021d2e000 JavaThread "Build operations Thread 2" [_thread_blocked, id=18352, stack(0x000000001d890000,0x000000001d990000)]
  0x0000000021d34000 JavaThread "Build operations" [_thread_blocked, id=15136, stack(0x000000001d390000,0x000000001d490000)]
  0x0000000021d34800 JavaThread "Cache worker for cache directory md-rule (D:\ASRelative\.gradle\caches\5.4.1\md-rule)" [_thread_blocked, id=11152, stack(0x000000001d290000,0x000000001d390000)]
  0x0000000021d32800 JavaThread "Cache worker for cache directory md-supplier (D:\ASRelative\.gradle\caches\5.4.1\md-supplier)" [_thread_blocked, id=15596, stack(0x000000001d190000,0x000000001d290000)]
  0x0000000021d2e800 JavaThread "Cache worker for file hash cache (D:\Android Studio Projects\KotlinShop\.gradle\5.4.1\fileHashes)" [_thread_blocked, id=5080, stack(0x000000001d090000,0x000000001d190000)]
  0x0000000021d31800 JavaThread "Thread-63" [_thread_blocked, id=10172, stack(0x000000001cf90000,0x000000001d090000)]
  0x0000000021d2c000 JavaThread "Stdin handler" [_thread_blocked, id=8832, stack(0x000000001cb90000,0x000000001cc90000)]
  0x0000000021d33000 JavaThread "Asynchronous log dispatcher for DefaultDaemonConnection: socket connection from /127.0.0.1:40897 to /127.0.0.1:41003" [_thread_blocked, id=6872, stack(0x000000001c990000,0x000000001ca90000)]
  0x0000000021d2a800 JavaThread "Daemon worker Thread 2" [_thread_blocked, id=7864, stack(0x000000001c690000,0x000000001c790000)]
  0x0000000021d2f800 JavaThread "Cancel handler" [_thread_blocked, id=10672, stack(0x00000000017a0000,0x00000000018a0000)]
  0x0000000021d2d000 JavaThread "Handler for socket connection from /127.0.0.1:40897 to /127.0.0.1:41003" [_thread_in_native, id=8844, stack(0x00000000016a0000,0x00000000017a0000)]
  0x0000000021d31000 JavaThread "Daemon Thread 2" [_thread_blocked, id=4852, stack(0x00000000015a0000,0x00000000016a0000)]
  0x000000002127f800 JavaThread "Cache worker for Java compile cache (D:\ASRelative\.gradle\caches\5.4.1\javaCompile)" [_thread_blocked, id=14156, stack(0x000000002b6b0000,0x000000002b7b0000)]
  0x0000000021c50000 JavaThread "RMI Reaper" [_thread_blocked, id=19396, stack(0x000000002a870000,0x000000002a970000)]
  0x0000000021c4e800 JavaThread "RMI TCP Accept-0" daemon [_thread_in_native, id=4140, stack(0x000000002a770000,0x000000002a870000)]
  0x0000000021c47000 JavaThread "GC Daemon" daemon [_thread_blocked, id=14104, stack(0x000000002aa40000,0x000000002ab40000)]
  0x0000000021c4d000 JavaThread "RMI Scheduler(0)" daemon [_thread_blocked, id=10108, stack(0x00000000294c0000,0x00000000295c0000)]
  0x0000000021d37800 JavaThread "Cache worker for file content cache (D:\ASRelative\.gradle\caches\5.4.1\fileContent)" [_thread_blocked, id=8308, stack(0x0000000025ff0000,0x00000000260f0000)]
  0x0000000021d30000 JavaThread "Memory manager" [_thread_blocked, id=2748, stack(0x0000000025cf0000,0x0000000025df0000)]
  0x0000000021d2b800 JavaThread "Cache worker for execution history cache (D:\ASRelative\.gradle\caches\5.4.1\executionHistory)" [_thread_blocked, id=10768, stack(0x0000000022a90000,0x0000000022b90000)]
  0x000000001bd6c000 JavaThread "Cache worker for journal cache (D:\ASRelative\.gradle\caches\journal-1)" [_thread_blocked, id=5324, stack(0x000000001d790000,0x000000001d890000)]
  0x000000001bd67800 JavaThread "File lock request listener" [_thread_in_native, id=7844, stack(0x000000001d690000,0x000000001d790000)]
  0x000000001bd6b800 JavaThread "Cache worker for file hash cache (D:\ASRelative\.gradle\caches\5.4.1\fileHashes)" [_thread_blocked, id=14856, stack(0x000000001cc90000,0x000000001cd90000)]
  0x00000000191e6000 JavaThread "Daemon periodic checks" [_thread_blocked, id=11780, stack(0x000000001c890000,0x000000001c990000)]
  0x0000000019035800 JavaThread "Incoming local TCP Connector on port 40897" [_thread_in_native, id=10976, stack(0x000000001c790000,0x000000001c890000)]
  0x000000001aa3e800 JavaThread "SeedGenerator Thread" daemon [_thread_blocked, id=4432, stack(0x000000001c590000,0x000000001c690000)]
  0x000000001b7db000 JavaThread "Daemon health stats" [_thread_blocked, id=18368, stack(0x000000001c1e0000,0x000000001c2e0000)]
  0x0000000018f61000 JavaThread "Service Thread" daemon [_thread_blocked, id=13444, stack(0x000000001a810000,0x000000001a910000)]
  0x0000000018f33800 JavaThread "C1 CompilerThread3" daemon [_thread_blocked, id=19160, stack(0x000000001a710000,0x000000001a810000)]
  0x0000000018f33000 JavaThread "C2 CompilerThread2" daemon [_thread_in_native, id=1892, stack(0x000000001a610000,0x000000001a710000)]
  0x0000000018f2e000 JavaThread "C2 CompilerThread1" daemon [_thread_in_native, id=19624, stack(0x000000001a510000,0x000000001a610000)]
=>0x0000000018f26000 JavaThread "C2 CompilerThread0" daemon [_thread_in_native, id=6996, stack(0x000000001a410000,0x000000001a510000)]
  0x0000000018ecc000 JavaThread "Attach Listener" daemon [_thread_blocked, id=20380, stack(0x000000001a310000,0x000000001a410000)]
  0x0000000018f24000 JavaThread "Signal Dispatcher" daemon [_thread_blocked, id=17340, stack(0x000000001a210000,0x000000001a310000)]
  0x0000000003819800 JavaThread "Finalizer" daemon [_thread_blocked, id=12980, stack(0x000000001a110000,0x000000001a210000)]
  0x0000000018eb3000 JavaThread "Reference Handler" daemon [_thread_blocked, id=15928, stack(0x000000001a010000,0x000000001a110000)]
  0x000000000325e800 JavaThread "main" [_thread_blocked, id=18956, stack(0x0000000003620000,0x0000000003720000)]

Other Threads:
  0x0000000018e92800 VMThread [stack: 0x0000000019f10000,0x000000001a010000] [id=10168]
  0x0000000018f63000 WatcherThread [stack: 0x000000001a910000,0x000000001aa10000] [id=6588]

VM state:not at safepoint (normal execution)

VM Mutex/Monitor currently owned by a thread: None

OutOfMemory and StackOverflow Exception counts:
OutOfMemoryError java_heap_errors=1

heap address: 0x00000000a0000000, size: 1536 MB, Compressed Oops mode: 32-bit
Narrow klass base: 0x0000000000000000, Narrow klass shift: 3
Compressed class space size: 1073741824 Address: 0x0000000100000000

Heap:
 PSYoungGen      total 302592K, used 151163K [0x00000000e0000000, 0x00000000f5500000, 0x0000000100000000)
  eden space 257536K, 41% used [0x00000000e0000000,0x00000000e67a3d18,0x00000000efb80000)
  from space 45056K, 99% used [0x00000000efb80000,0x00000000f277af80,0x00000000f2780000)
  to   space 44032K, 0% used [0x00000000f2780000,0x00000000f2780000,0x00000000f5280000)
 ParOldGen       total 215552K, used 157932K [0x00000000a0000000, 0x00000000ad280000, 0x00000000e0000000)
  object space 215552K, 73% used [0x00000000a0000000,0x00000000a9a3b098,0x00000000ad280000)
 Metaspace       used 94086K, capacity 98576K, committed 100608K, reserved 1136640K
  class space    used 12396K, capacity 13244K, committed 13824K, reserved 1048576K

Card table byte_map: [0x0000000012be0000,0x0000000012ef0000] byte_map_base: 0x00000000126e0000

Marking Bits: (ParMarkBitMap*) 0x0000000072484ce0
 Begin Bits: [0x0000000013af0000, 0x00000000152f0000)
 End Bits:   [0x00000000152f0000, 0x0000000016af0000)

Polling page: 0x00000000018c0000

CodeCache: size=245760Kb used=54065Kb max_used=54065Kb free=191694Kb
 bounds [0x0000000003820000, 0x0000000006d40000, 0x0000000012820000]
 total_blobs=17015 nmethods=16113 adapters=811
 compilation: enabled

Compilation events (10 events):
Event: 225.696 Thread 0x0000000018f33800 20115       2       com.android.tools.r8.graph.ClassAccessFlags::t (23 bytes)
Event: 225.696 Thread 0x0000000018f33800 nmethod 20115 0x00000000062d6450 code [0x00000000062d65a0, 0x00000000062d6730]
Event: 225.696 Thread 0x0000000018f33800 20114       2       com.android.tools.r8.dex.e::b (10 bytes)
Event: 225.696 Thread 0x0000000018f33800 nmethod 20114 0x00000000062d60d0 code [0x00000000062d6240, 0x00000000062d63a8]
Event: 225.699 Thread 0x0000000018f33800 20116       1       com.android.tools.r8.graph.DexValue$DexValueLong::hashCode (9 bytes)
Event: 225.699 Thread 0x0000000018f33800 nmethod 20116 0x00000000062d5e10 code [0x00000000062d5f60, 0x00000000062d6070]
Event: 225.758 Thread 0x0000000018f33800 20117       2       com.android.tools.r8.dex.VirtualFile::d (78 bytes)
Event: 225.759 Thread 0x0000000018f33800 nmethod 20117 0x00000000062d5410 code [0x00000000062d55e0, 0x00000000062d5a78]
Event: 225.772 Thread 0x0000000018f33800 20118       1       java.util.concurrent.atomic.AtomicLong::addAndGet (14 bytes)
Event: 225.773 Thread 0x0000000018f33800 nmethod 20118 0x00000000062d5150 code [0x00000000062d52a0, 0x00000000062d53b0]

GC Heap History (10 events):
Event: 218.321 GC heap before
{Heap before GC invocations=25 (full 3):
 PSYoungGen      total 238592K, used 220045K [0x00000000e0000000, 0x00000000f2280000, 0x0000000100000000)
  eden space 200192K, 100% used [0x00000000e0000000,0x00000000ec380000,0x00000000ec380000)
  from space 38400K, 51% used [0x00000000ec380000,0x00000000ed6e34e0,0x00000000ee900000)
  to   space 37376K, 0% used [0x00000000efe00000,0x00000000efe00000,0x00000000f2280000)
 ParOldGen       total 122368K, used 102213K [0x00000000a0000000, 0x00000000a7780000, 0x00000000e0000000)
  object space 122368K, 83% used [0x00000000a0000000,0x00000000a63d16f0,0x00000000a7780000)
 Metaspace       used 87880K, capacity 92648K, committed 92928K, reserved 1130496K
  class space    used 11619K, capacity 12508K, committed 12544K, reserved 1048576K
Event: 218.364 GC heap after
Heap after GC invocations=25 (full 3):
 PSYoungGen      total 254976K, used 36018K [0x00000000e0000000, 0x00000000f3b00000, 0x0000000100000000)
  eden space 217600K, 0% used [0x00000000e0000000,0x00000000e0000000,0x00000000ed480000)
  from space 37376K, 96% used [0x00000000efe00000,0x00000000f212c8a8,0x00000000f2280000)
  to   space 42496K, 0% used [0x00000000ed480000,0x00000000ed480000,0x00000000efe00000)
 ParOldGen       total 122368K, used 102221K [0x00000000a0000000, 0x00000000a7780000, 0x00000000e0000000)
  object space 122368K, 83% used [0x00000000a0000000,0x00000000a63d36f0,0x00000000a7780000)
 Metaspace       used 87880K, capacity 92648K, committed 92928K, reserved 1130496K
  class space    used 11619K, capacity 12508K, committed 12544K, reserved 1048576K
}
Event: 219.277 GC heap before
{Heap before GC invocations=26 (full 3):
 PSYoungGen      total 254976K, used 91442K [0x00000000e0000000, 0x00000000f3b00000, 0x0000000100000000)
  eden space 217600K, 25% used [0x00000000e0000000,0x00000000e3620118,0x00000000ed480000)
  from space 37376K, 96% used [0x00000000efe00000,0x00000000f212c8a8,0x00000000f2280000)
  to   space 42496K, 0% used [0x00000000ed480000,0x00000000ed480000,0x00000000efe00000)
 ParOldGen       total 122368K, used 102221K [0x00000000a0000000, 0x00000000a7780000, 0x00000000e0000000)
  object space 122368K, 83% used [0x00000000a0000000,0x00000000a63d36f0,0x00000000a7780000)
 Metaspace       used 92559K, capacity 98260K, committed 98304K, reserved 1134592K
  class space    used 12463K, capacity 13568K, committed 13568K, reserved 1048576K
Event: 219.299 GC heap after
Heap after GC invocations=26 (full 3):
 PSYoungGen      total 260096K, used 28656K [0x00000000e0000000, 0x00000000f5280000, 0x0000000100000000)
  eden space 217600K, 0% used [0x00000000e0000000,0x00000000e0000000,0x00000000ed480000)
  from space 42496K, 67% used [0x00000000ed480000,0x00000000ef07c110,0x00000000efe00000)
  to   space 44032K, 0% used [0x00000000f2780000,0x00000000f2780000,0x00000000f5280000)
 ParOldGen       total 122368K, used 102229K [0x00000000a0000000, 0x00000000a7780000, 0x00000000e0000000)
  object space 122368K, 83% used [0x00000000a0000000,0x00000000a63d56f0,0x00000000a7780000)
 Metaspace       used 92559K, capacity 98260K, committed 98304K, reserved 1134592K
  class space    used 12463K, capacity 13568K, committed 13568K, reserved 1048576K
}
Event: 219.299 GC heap before
{Heap before GC invocations=27 (full 4):
 PSYoungGen      total 260096K, used 28656K [0x00000000e0000000, 0x00000000f5280000, 0x0000000100000000)
  eden space 217600K, 0% used [0x00000000e0000000,0x00000000e0000000,0x00000000ed480000)
  from space 42496K, 67% used [0x00000000ed480000,0x00000000ef07c110,0x00000000efe00000)
  to   space 44032K, 0% used [0x00000000f2780000,0x00000000f2780000,0x00000000f5280000)
 ParOldGen       total 122368K, used 102229K [0x00000000a0000000, 0x00000000a7780000, 0x00000000e0000000)
  object space 122368K, 83% used [0x00000000a0000000,0x00000000a63d56f0,0x00000000a7780000)
 Metaspace       used 92559K, capacity 98260K, committed 98304K, reserved 1134592K
  class space    used 12463K, capacity 13568K, committed 13568K, reserved 1048576K
Event: 220.473 GC heap after
Heap after GC invocations=27 (full 4):
 PSYoungGen      total 260096K, used 0K [0x00000000e0000000, 0x00000000f5280000, 0x0000000100000000)
  eden space 217600K, 0% used [0x00000000e0000000,0x00000000e0000000,0x00000000ed480000)
  from space 42496K, 0% used [0x00000000ed480000,0x00000000ed480000,0x00000000efe00000)
  to   space 44032K, 0% used [0x00000000f2780000,0x00000000f2780000,0x00000000f5280000)
 ParOldGen       total 215552K, used 99176K [0x00000000a0000000, 0x00000000ad280000, 0x00000000e0000000)
  object space 215552K, 46% used [0x00000000a0000000,0x00000000a60da038,0x00000000ad280000)
 Metaspace       used 91463K, capacity 95642K, committed 98304K, reserved 1134592K
  class space    used 12078K, capacity 12911K, committed 13568K, reserved 1048576K
}
Event: 222.570 GC heap before
{Heap before GC invocations=28 (full 4):
 PSYoungGen      total 260096K, used 217599K [0x00000000e0000000, 0x00000000f5280000, 0x0000000100000000)
  eden space 217600K, 99% used [0x00000000e0000000,0x00000000ed47ffe0,0x00000000ed480000)
  from space 42496K, 0% used [0x00000000ed480000,0x00000000ed480000,0x00000000efe00000)
  to   space 44032K, 0% used [0x00000000f2780000,0x00000000f2780000,0x00000000f5280000)
 ParOldGen       total 215552K, used 99176K [0x00000000a0000000, 0x00000000ad280000, 0x00000000e0000000)
  object space 215552K, 46% used [0x00000000a0000000,0x00000000a60da038,0x00000000ad280000)
 Metaspace       used 93170K, capacity 97404K, committed 99968K, reserved 1136640K
  class space    used 12259K, capacity 13078K, committed 13696K, reserved 1048576K
Event: 222.592 GC heap after
Heap after GC invocations=28 (full 4):
 PSYoungGen      total 301568K, used 29099K [0x00000000e0000000, 0x00000000f5500000, 0x0000000100000000)
  eden space 257536K, 0% used [0x00000000e0000000,0x00000000e0000000,0x00000000efb80000)
  from space 44032K, 66% used [0x00000000f2780000,0x00000000f43eafe0,0x00000000f5280000)
  to   space 45056K, 0% used [0x00000000efb80000,0x00000000efb80000,0x00000000f2780000)
 ParOldGen       total 215552K, used 99184K [0x00000000a0000000, 0x00000000ad280000, 0x00000000e0000000)
  object space 215552K, 46% used [0x00000000a0000000,0x00000000a60dc038,0x00000000ad280000)
 Metaspace       used 93170K, capacity 97404K, committed 99968K, reserved 1136640K
  class space    used 12259K, capacity 13078K, committed 13696K, reserved 1048576K
}
Event: 224.629 GC heap before
{Heap before GC invocations=29 (full 4):
 PSYoungGen      total 301568K, used 286635K [0x00000000e0000000, 0x00000000f5500000, 0x0000000100000000)
  eden space 257536K, 100% used [0x00000000e0000000,0x00000000efb80000,0x00000000efb80000)
  from space 44032K, 66% used [0x00000000f2780000,0x00000000f43eafe0,0x00000000f5280000)
  to   space 45056K, 0% used [0x00000000efb80000,0x00000000efb80000,0x00000000f2780000)
 ParOldGen       total 215552K, used 99184K [0x00000000a0000000, 0x00000000ad280000, 0x00000000e0000000)
  object space 215552K, 46% used [0x00000000a0000000,0x00000000a60dc038,0x00000000ad280000)
 Metaspace       used 94026K, capacity 98512K, committed 100608K, reserved 1136640K
  class space    used 12396K, capacity 13244K, committed 13824K, reserved 1048576K
Event: 224.832 GC heap after
Heap after GC invocations=29 (full 4):
 PSYoungGen      total 302592K, used 45035K [0x00000000e0000000, 0x00000000f5500000, 0x0000000100000000)
  eden space 257536K, 0% used [0x00000000e0000000,0x00000000e0000000,0x00000000efb80000)
  from space 45056K, 99% used [0x00000000efb80000,0x00000000f277af80,0x00000000f2780000)
  to   space 44032K, 0% used [0x00000000f2780000,0x00000000f2780000,0x00000000f5280000)
 ParOldGen       total 215552K, used 157932K [0x00000000a0000000, 0x00000000ad280000, 0x00000000e0000000)
  object space 215552K, 73% used [0x00000000a0000000,0x00000000a9a3b098,0x00000000ad280000)
 Metaspace       used 94026K, capacity 98512K, committed 100608K, reserved 1136640K
  class space    used 12396K, capacity 13244K, committed 13824K, reserved 1048576K
}

Deoptimization events (10 events):
Event: 223.025 Thread 0x000000001ea60800 Uncommon trap: reason=unloaded action=reinterpret pc=0x0000000006ba54a0 method=com.android.tools.r8.code.InstructionFactory.readSequenceFrom(Ljava/nio/ShortBuffer;IILcom/android/tools/r8/graph/OffsetToObjectMapping;)[Lcom/android/tools/r8/code/Instruction
Event: 223.088 Thread 0x000000001ea60800 Uncommon trap: reason=unloaded action=reinterpret pc=0x0000000006b36640 method=com.android.tools.r8.dex.DexParser.j()Lcom/android/tools/r8/graph/DexValue; @ 277
Event: 223.386 Thread 0x000000002116b000 Uncommon trap: reason=unstable_if action=reinterpret pc=0x0000000006853300 method=java.util.TimSort.mergeHi(IIII)V @ 554
Event: 224.275 Thread 0x0000000021164800 Uncommon trap: reason=null_check action=make_not_entrant pc=0x00000000067a67e0 method=com.android.tools.r8.graph.DexString.b(Ljava/lang/Object;)Z @ 1
Event: 224.906 Thread 0x0000000021164800 Uncommon trap: reason=unstable_if action=reinterpret pc=0x0000000006c827e8 method=java.util.TimSort.mergeHi(IIII)V @ 568
Event: 224.913 Thread 0x0000000021164800 Uncommon trap: reason=unstable_if action=reinterpret pc=0x0000000006c7f038 method=java.util.TimSort.mergeLo(IIII)V @ 513
Event: 225.021 Thread 0x0000000021164800 Uncommon trap: reason=unstable_if action=reinterpret pc=0x0000000004f73560 method=com.android.tools.r8.dex.DexOutputBuffer.j(I)V @ 8
Event: 225.457 Thread 0x0000000021164800 Uncommon trap: reason=unstable_if action=reinterpret pc=0x0000000005817910 method=com.android.tools.r8.dex.DexOutputBuffer.j(I)V @ 8
Event: 225.476 Thread 0x0000000021164800 Uncommon trap: reason=unstable_if action=reinterpret pc=0x0000000004535a7c method=java.lang.Long.numberOfTrailingZeros(J)I @ 3
Event: 225.780 Thread 0x0000000021289800 Uncommon trap: reason=bimorphic action=maybe_recompile pc=0x0000000004329318 method=java.lang.Throwable.<init>(Ljava/lang/String;Ljava/lang/Throwable;)V @ 24

Classes redefined (0 events):
No events

Internal exceptions (10 events):
Event: 222.538 Thread 0x000000002116b000 Exception <a 'sun/nio/fs/WindowsException'> (0x00000000eb1a6440) thrown at [C:\re\workspace\8-2-build-windows-amd64-cygwin\jdk8u201\12322\hotspot\src\share\vm\prims\jni.cpp, line 709]
Event: 222.737 Thread 0x000000001ea62800 Implicit null exception at 0x000000000529ed2f to 0x000000000529ee21
Event: 222.737 Thread 0x0000000021161800 Implicit null exception at 0x000000000529ed2f to 0x000000000529ee21
Event: 222.737 Thread 0x000000001ea62000 Implicit null exception at 0x000000000529ed2f to 0x000000000529ee21
Event: 222.737 Thread 0x000000001ea60800 Implicit null exception at 0x000000000529ed2f to 0x000000000529ee21
Event: 222.737 Thread 0x000000001ea63800 Implicit null exception at 0x000000000529ed2f to 0x000000000529ee21
Event: 222.737 Thread 0x000000001ea5c800 Implicit null exception at 0x000000000529ed2f to 0x000000000529ee21
Event: 224.275 Thread 0x0000000021164800 Implicit null exception at 0x00000000067a662b to 0x00000000067a67b6
Event: 225.770 Thread 0x0000000021164800 Exception <a 'sun/nio/fs/WindowsException'> (0x00000000e64759e0) thrown at [C:\re\workspace\8-2-build-windows-amd64-cygwin\jdk8u201\12322\hotspot\src\share\vm\prims\jni.cpp, line 709]
Event: 225.771 Thread 0x0000000021164800 Exception <a 'java/lang/OutOfMemoryError'> (0x00000000e6476420) thrown at [C:\re\workspace\8-2-build-windows-amd64-cygwin\jdk8u201\12322\hotspot\src\share\vm\prims\unsafe.cpp, line 618]

Events (10 events):
Event: 225.778 Thread 0x000000001ea62800 Thread exited: 0x000000001ea62800
Event: 225.778 Thread 0x000000001ea64000 Thread exited: 0x000000001ea64000
Event: 225.778 Thread 0x000000001ea5c800 Thread exited: 0x000000001ea5c800
Event: 225.780 Thread 0x0000000021289800 Uncommon trap: trap_request=0xffffffc6 fr.pc=0x0000000004329318
Event: 225.780 Thread 0x0000000021289800 DEOPT PACKING pc=0x0000000004329318 sp=0x00000000261ec310
Event: 225.780 Thread 0x0000000021289800 DEOPT UNPACKING pc=0x000000000386583b sp=0x00000000261ec2e0 mode 2
Event: 225.791 Executing VM operation: RevokeBias
Event: 225.791 Executing VM operation: RevokeBias done
Event: 225.793 Executing VM operation: RevokeBias
Event: 225.794 Executing VM operation: RevokeBias done


Dynamic libraries:
0x00007ff7d2f00000 - 0x00007ff7d2f37000 	D:\Program Files\Java\jdk1.8.0_201\bin\java.exe
0x00007ffe03080000 - 0x00007ffe03270000 	C:\WINDOWS\SYSTEM32\ntdll.dll
0x00007ffe019b0000 - 0x00007ffe01a62000 	C:\WINDOWS\System32\KERNEL32.DLL
0x00007ffe00a60000 - 0x00007ffe00d03000 	C:\WINDOWS\System32\KERNELBASE.dll
0x00007ffe02070000 - 0x00007ffe02113000 	C:\WINDOWS\System32\ADVAPI32.dll
0x00007ffe01880000 - 0x00007ffe0191e000 	C:\WINDOWS\System32\msvcrt.dll
0x00007ffe01f50000 - 0x00007ffe01fe7000 	C:\WINDOWS\System32\sechost.dll
0x00007ffe01c70000 - 0x00007ffe01d90000 	C:\WINDOWS\System32\RPCRT4.dll
0x00007ffe02df0000 - 0x00007ffe02f84000 	C:\WINDOWS\System32\USER32.dll
0x00007ffe00010000 - 0x00007ffe00031000 	C:\WINDOWS\System32\win32u.dll
0x00007ffe01a80000 - 0x00007ffe01aa6000 	C:\WINDOWS\System32\GDI32.dll
0x00007ffe00f90000 - 0x00007ffe01124000 	C:\WINDOWS\System32\gdi32full.dll
0x00007ffe00890000 - 0x00007ffe0092e000 	C:\WINDOWS\System32\msvcp_win.dll
0x00007ffe00d10000 - 0x00007ffe00e0a000 	C:\WINDOWS\System32\ucrtbase.dll
0x00007ffdee470000 - 0x00007ffdee6f5000 	C:\WINDOWS\WinSxS\amd64_microsoft.windows.common-controls_6595b64144ccf1df_6.0.18362.535_none_e6c3b34713100821\COMCTL32.dll
0x00007ffe029c0000 - 0x00007ffe02cf6000 	C:\WINDOWS\System32\combase.dll
0x00007ffe009e0000 - 0x00007ffe00a60000 	C:\WINDOWS\System32\bcryptPrimitives.dll
0x00007ffe028e0000 - 0x00007ffe0290e000 	C:\WINDOWS\System32\IMM32.DLL
0x0000000072510000 - 0x00000000725e1000 	D:\Program Files\Java\jdk1.8.0_201\jre\bin\msvcr100.dll
0x0000000071c60000 - 0x0000000072504000 	D:\Program Files\Java\jdk1.8.0_201\jre\bin\server\jvm.dll
0x00007ffe01a70000 - 0x00007ffe01a78000 	C:\WINDOWS\System32\PSAPI.DLL
0x00007ffdeef10000 - 0x00007ffdeef19000 	C:\WINDOWS\SYSTEM32\WSOCK32.dll
0x00007ffdfe230000 - 0x00007ffdfe254000 	C:\WINDOWS\SYSTEM32\WINMM.dll
0x00007ffdfc360000 - 0x00007ffdfc36a000 	C:\WINDOWS\SYSTEM32\VERSION.dll
0x00007ffe02d00000 - 0x00007ffe02d6f000 	C:\WINDOWS\System32\WS2_32.dll
0x00007ffdfdf70000 - 0x00007ffdfdf9d000 	C:\WINDOWS\SYSTEM32\winmmbase.dll
0x00007ffe00820000 - 0x00007ffe0086a000 	C:\WINDOWS\System32\cfgmgr32.dll
0x00007ffde9b50000 - 0x00007ffde9b5f000 	D:\Program Files\Java\jdk1.8.0_201\jre\bin\verify.dll
0x00007ffdda1c0000 - 0x00007ffdda1e9000 	D:\Program Files\Java\jdk1.8.0_201\jre\bin\java.dll
0x00007ffddef60000 - 0x00007ffddef76000 	D:\Program Files\Java\jdk1.8.0_201\jre\bin\zip.dll
0x00007ffe021f0000 - 0x00007ffe028d5000 	C:\WINDOWS\System32\SHELL32.dll
0x00007ffe02f90000 - 0x00007ffe03039000 	C:\WINDOWS\System32\shcore.dll
0x00007ffe000a0000 - 0x00007ffe0081f000 	C:\WINDOWS\System32\windows.storage.dll
0x00007ffdffff0000 - 0x00007ffe0000f000 	C:\WINDOWS\System32\profapi.dll
0x00007ffdfffa0000 - 0x00007ffdfffea000 	C:\WINDOWS\System32\powrprof.dll
0x00007ffdfff50000 - 0x00007ffdfff60000 	C:\WINDOWS\System32\UMPDC.dll
0x00007ffe02010000 - 0x00007ffe02062000 	C:\WINDOWS\System32\shlwapi.dll
0x00007ffdfff60000 - 0x00007ffdfff71000 	C:\WINDOWS\System32\kernel.appcore.dll
0x00007ffe00870000 - 0x00007ffe00887000 	C:\WINDOWS\System32\cryptsp.dll
0x00007ffddced0000 - 0x00007ffddceea000 	D:\Program Files\Java\jdk1.8.0_201\jre\bin\net.dll
0x00007ffdf3b90000 - 0x00007ffdf3d66000 	C:\WINDOWS\SYSTEM32\urlmon.dll
0x00007ffdf4120000 - 0x00007ffdf43c6000 	C:\WINDOWS\SYSTEM32\iertutil.dll
0x00007ffdff930000 - 0x00007ffdff93c000 	C:\WINDOWS\SYSTEM32\CRYPTBASE.DLL
0x00007ffdff760000 - 0x00007ffdff7c7000 	C:\WINDOWS\system32\mswsock.dll
0x00007ffddb1b0000 - 0x00007ffddb1c1000 	D:\Program Files\Java\jdk1.8.0_201\jre\bin\nio.dll
0x00007ffdda1f0000 - 0x00007ffdda216000 	D:\ASRelative\.gradle\native\29\windows-amd64\native-platform.dll
0x00007ffde88f0000 - 0x00007ffde88fd000 	D:\Program Files\Java\jdk1.8.0_201\jre\bin\management.dll
0x00007ffdff470000 - 0x00007ffdff4aa000 	C:\WINDOWS\SYSTEM32\IPHLPAPI.DLL
0x00007ffe01c60000 - 0x00007ffe01c68000 	C:\WINDOWS\System32\NSI.dll
0x00007ffdfa740000 - 0x00007ffdfa756000 	C:\WINDOWS\SYSTEM32\dhcpcsvc6.DLL
0x00007ffdfa720000 - 0x00007ffdfa73c000 	C:\WINDOWS\SYSTEM32\dhcpcsvc.DLL
0x00007ffdff4b0000 - 0x00007ffdff57a000 	C:\WINDOWS\SYSTEM32\DNSAPI.dll
0x00007ffdfefb0000 - 0x00007ffdfefe1000 	C:\WINDOWS\SYSTEM32\ntmarta.dll

VM Arguments:
jvm_args: -Xmx1536m -Dfile.encoding=GBK -Duser.country=CN -Duser.language=zh -Duser.variant 
java_command: org.gradle.launcher.daemon.bootstrap.GradleDaemon 5.4.1
java_class_path (initial): D:\ASRelative\.gradle\wrapper\dists\gradle-5.4.1-all\3221gyojl5jsh0helicew7rwx\gradle-5.4.1\lib\gradle-launcher-5.4.1.jar
Launcher Type: SUN_STANDARD

Environment Variables:
JAVA_HOME=D:\Program Files\Java\jdk1.8.0_201
PATH=C:\Program Files (x86)\Common Files\Oracle\Java\javapath;C:\Program Files (x86)\Intel\Intel(R) Management Engine Components\iCLS\;C:\Program Files\Intel\Intel(R) Management Engine Components\iCLS\;C:\WINDOWS\system32;C:\WINDOWS;C:\WINDOWS\System32\Wbem;C:\WINDOWS\System32\WindowsPowerShell\v1.0\;C:\WINDOWS\System32\OpenSSH\;C:\Program Files (x86)\Intel\Intel(R) Management Engine Components\DAL;C:\Program Files\Intel\Intel(R) Management Engine Components\DAL;C:\Program Files (x86)\Intel\Intel(R) Management Engine Components\IPT;C:\Program Files\Intel\Intel(R) Management Engine Components\IPT;D:\Program Files\Java\jdk1.8.0_201\bin;C:\Program Files (x86)\Microsoft SQL Server\100\Tools\Binn\;C:\Program Files\Microsoft SQL Server\100\Tools\Binn\;C:\Program Files\Microsoft SQL Server\100\DTS\Binn\;D:\ASRelative\Sdk\platform-tools\;d:\Program Files\Git\cmd;D:\Program Files\Go\bin;D:\Program Files\TortoiseSVN\bin;C:\Users\ljp\AppData\Local\Microsoft\WindowsApps;C:\Users\ljp\go\bin
USERNAME=ljp
OS=Windows_NT
PROCESSOR_IDENTIFIER=Intel64 Family 6 Model 158 Stepping 10, GenuineIntel



---------------  S Y S T E M  ---------------

OS: Windows 10.0 , 64 bit Build 18362 (10.0.18362.329)

CPU:total 12 (initial active 12) (6 cores per cpu, 2 threads per core) family 6 model 158 stepping 10, cmov, cx8, fxsr, mmx, sse, sse2, sse3, ssse3, sse4.1, sse4.2, popcnt, avx, avx2, aes, clmul, erms, rtm, 3dnowpref, lzcnt, ht, tsc, tscinvbit, bmi1, bmi2, adx

Memory: 4k page, physical 8245000k(336492k free), swap 18333236k(288k free)

vm_info: Java HotSpot(TM) 64-Bit Server VM (25.201-b09) for windows-amd64 JRE (1.8.0_201-b09), built on Dec 15 2018 18:36:39 by "java_re" with MS VC++ 10.0 (VS2010)

time: Mon Jan 13 14:58:54 2020
timezone: 中国标准时间
elapsed time: 225 seconds (0d 0h 3m 45s)

